C:\Users\krittika\source\repos\Assignment2\Assignment2\MessageBoard\dist\out-tsc\src\app\message-list\message-list.component.js
C:\Users\krittika\source\repos\Assignment2\Assignment2\MessageBoard\dist\out-tsc\src\app\message-list\message-list.component.js.map
C:\Users\krittika\source\repos\Assignment2\Assignment2\MessageBoard\dist\out-tsc\src\app\details\details.component.js
C:\Users\krittika\source\repos\Assignment2\Assignment2\MessageBoard\dist\out-tsc\src\app\details\details.component.js.map
C:\Users\krittika\source\repos\Assignment2\Assignment2\MessageBoard\dist\out-tsc\src\app\comment-like\comment-like.component.js
C:\Users\krittika\source\repos\Assignment2\Assignment2\MessageBoard\dist\out-tsc\src\app\comment-like\comment-like.component.js.map
C:\Users\krittika\source\repos\Assignment2\Assignment2\MessageBoard\dist\out-tsc\src\app\app-routing.module.js
C:\Users\krittika\source\repos\Assignment2\Assignment2\MessageBoard\dist\out-tsc\src\app\app-routing.module.js.map
C:\Users\krittika\source\repos\Assignment2\Assignment2\MessageBoard\dist\out-tsc\src\app\app.component.js
C:\Users\krittika\source\repos\Assignment2\Assignment2\MessageBoard\dist\out-tsc\src\app\app.component.js.map
C:\Users\krittika\source\repos\Assignment2\Assignment2\MessageBoard\dist\out-tsc\src\app\add-new\add-new.component.js
C:\Users\krittika\source\repos\Assignment2\Assignment2\MessageBoard\dist\out-tsc\src\app\add-new\add-new.component.js.map
C:\Users\krittika\source\repos\Assignment2\Assignment2\MessageBoard\dist\out-tsc\src\app\app.module.js
C:\Users\krittika\source\repos\Assignment2\Assignment2\MessageBoard\dist\out-tsc\src\app\app.module.js.map
C:\Users\krittika\source\repos\Assignment2\Assignment2\MessageBoard\dist\out-tsc\src\environments\environment.js
C:\Users\krittika\source\repos\Assignment2\Assignment2\MessageBoard\dist\out-tsc\src\environments\environment.js.map
C:\Users\krittika\source\repos\Assignment2\Assignment2\MessageBoard\dist\out-tsc\src\main.js
C:\Users\krittika\source\repos\Assignment2\Assignment2\MessageBoard\dist\out-tsc\src\main.js.map
C:\Users\krittika\source\repos\Assignment2\Assignment2\MessageBoard\dist\out-tsc\src\polyfills.js
C:\Users\krittika\source\repos\Assignment2\Assignment2\MessageBoard\dist\out-tsc\src\polyfills.js.map
C:\Users\krittika\source\repos\Assignment2\Assignment2\MessageBoard\dist\out-tsc\src\test.js
C:\Users\krittika\source\repos\Assignment2\Assignment2\MessageBoard\dist\out-tsc\src\test.js.map
C:\Users\krittika\source\repos\Assignment2\Assignment2\MessageBoard\dist\out-tsc\e2e\src\app.po.js
C:\Users\krittika\source\repos\Assignment2\Assignment2\MessageBoard\dist\out-tsc\e2e\src\app.po.js.map
C:\Users\krittika\source\repos\Assignment2\Assignment2\MessageBoard\dist\out-tsc\e2e\src\app.e2e-spec.js
C:\Users\krittika\source\repos\Assignment2\Assignment2\MessageBoard\dist\out-tsc\e2e\src\app.e2e-spec.js.map
C:\Users\krittika\source\repos\Assignment2\Assignment2\MessageBoard\dist\out-tsc\src\app\app.component.spec.js
C:\Users\krittika\source\repos\Assignment2\Assignment2\MessageBoard\dist\out-tsc\src\app\app.component.spec.js.map
C:\Users\krittika\source\repos\Assignment2\Assignment2\MessageBoard\dist\out-tsc\src\environments\environment.prod.js
C:\Users\krittika\source\repos\Assignment2\Assignment2\MessageBoard\dist\out-tsc\src\environments\environment.prod.js.map
C:\Users\krittika\source\repos\Assignment2\Assignment2\MessageBoard\dist\out-tsc\src\app\add-new\add-new.component.spec.js
C:\Users\krittika\source\repos\Assignment2\Assignment2\MessageBoard\dist\out-tsc\src\app\add-new\add-new.component.spec.js.map
C:\Users\krittika\source\repos\Assignment2\Assignment2\MessageBoard\dist\out-tsc\src\app\comment-like\comment-like.component.spec.js
C:\Users\krittika\source\repos\Assignment2\Assignment2\MessageBoard\dist\out-tsc\src\app\comment-like\comment-like.component.spec.js.map
C:\Users\krittika\source\repos\Assignment2\Assignment2\MessageBoard\dist\out-tsc\src\app\details\details.component.spec.js
C:\Users\krittika\source\repos\Assignment2\Assignment2\MessageBoard\dist\out-tsc\src\app\details\details.component.spec.js.map
C:\Users\krittika\source\repos\Assignment2\Assignment2\MessageBoard\dist\out-tsc\src\app\message-list\message-list.component.spec.js
C:\Users\krittika\source\repos\Assignment2\Assignment2\MessageBoard\dist\out-tsc\src\app\message-list\message-list.component.spec.js.map
